[2018-12-24 04:53:31] local.ERROR: The each() function is deprecated. This message will be suppressed on further calls {"exception":"[object] (ErrorException(code: 0): The each() function is deprecated. This message will be suppressed on further calls at /home/cybooz4/expenditure1/app/Modules/ModulesServiceProvider.php:26)
[stacktrace]
#0 [internal function]: Illuminate\\Foundation\\Bootstrap\\HandleExceptions->handleError(8192, 'The each() func...', '/home/cybooz4/e...', 26, Array)
#1 /home/cybooz4/expenditure1/app/Modules/ModulesServiceProvider.php(26): each(Array)
#2 [internal function]: App\\Modules\\ModulesServiceProvider->boot()
#3 /home/cybooz4/expenditure1/vendor/laravel/framework/src/Illuminate/Container/BoundMethod.php(29): call_user_func_array(Array, Array)
#4 /home/cybooz4/expenditure1/vendor/laravel/framework/src/Illuminate/Container/BoundMethod.php(87): Illuminate\\Container\\BoundMethod::Illuminate\\Container\\{closure}()
#5 /home/cybooz4/expenditure1/vendor/laravel/framework/src/Illuminate/Container/BoundMethod.php(31): Illuminate\\Container\\BoundMethod::callBoundMethod(Object(Illuminate\\Foundation\\Application), Array, Object(Closure))
#6 /home/cybooz4/expenditure1/vendor/laravel/framework/src/Illuminate/Container/Container.php(564): Illuminate\\Container\\BoundMethod::call(Object(Illuminate\\Foundation\\Application), Array, Array, NULL)
#7 /home/cybooz4/expenditure1/vendor/laravel/framework/src/Illuminate/Foundation/Application.php(794): Illuminate\\Container\\Container->call(Array)
#8 /home/cybooz4/expenditure1/vendor/laravel/framework/src/Illuminate/Foundation/Application.php(777): Illuminate\\Foundation\\Application->bootProvider(Object(App\\Modules\\ModulesServiceProvider))
#9 [internal function]: Illuminate\\Foundation\\Application->Illuminate\\Foundation\\{closure}(Object(App\\Modules\\ModulesServiceProvider), 20)
#10 /home/cybooz4/expenditure1/vendor/laravel/framework/src/Illuminate/Foundation/Application.php(778): array_walk(Array, Object(Closure))
#11 /home/cybooz4/expenditure1/vendor/laravel/framework/src/Illuminate/Foundation/Bootstrap/BootProviders.php(17): Illuminate\\Foundation\\Application->boot()
#12 /home/cybooz4/expenditure1/vendor/laravel/framework/src/Illuminate/Foundation/Application.php(206): Illuminate\\Foundation\\Bootstrap\\BootProviders->bootstrap(Object(Illuminate\\Foundation\\Application))
#13 /home/cybooz4/expenditure1/vendor/laravel/framework/src/Illuminate/Foundation/Console/Kernel.php(297): Illuminate\\Foundation\\Application->bootstrapWith(Array)
#14 /home/cybooz4/expenditure1/vendor/laravel/framework/src/Illuminate/Foundation/Console/Kernel.php(120): Illuminate\\Foundation\\Console\\Kernel->bootstrap()
#15 /home/cybooz4/expenditure1/artisan(37): Illuminate\\Foundation\\Console\\Kernel->handle(Object(Symfony\\Component\\Console\\Input\\ArgvInput), Object(Symfony\\Component\\Console\\Output\\ConsoleOutput))
#16 {main}
"} 
